<?xml version="1.0" encoding="UTF-8"?>
<!-- Generated by org.testng.reporters.JUnitReportReporter -->
<testsuite hostname="DAYZGAYU" failures="0" tests="3" name="org.automation.test.testcases.loginFb" time="106.454" errors="0" timestamp="2022-08-30T18:02:14 IST" skipped="0">
  <testcase classname="org.automation.test.testcases.loginFb" name="loginToFb" time="24.398"/>
  <system-out/>
  <testcase classname="org.automation.test.testcases.loginFb" name="loginToFb" time="82.039"/>
  <system-out/>
  <testcase classname="org.automation.test.testcases.loginFb" name="logOut" time="0.017"/>
  <system-out/>
</testsuite> <!-- org.automation.test.testcases.loginFb -->
