<?xml version="1.0" encoding="UTF-8"?>
<!-- Generated by org.testng.reporters.JUnitReportReporter -->
<testsuite hostname="DAYZGAYU" failures="0" tests="2" name="org.automation.test.testcases.loginFb" time="109.244" errors="0" timestamp="2022-08-30T11:34:25 IST" skipped="0">
  <testcase classname="org.automation.test.testcases.loginFb" name="loginToFb" time="25.185"/>
  <system-out/>
  <testcase classname="org.automation.test.testcases.loginFb" name="loginToFb" time="84.059"/>
  <system-out/>
</testsuite> <!-- org.automation.test.testcases.loginFb -->
