<?xml version="1.0" encoding="UTF-8"?>
<!-- Generated by org.testng.reporters.JUnitReportReporter -->
<testsuite hostname="DAYZGAYU" failures="0" tests="2" name="org.automation.test.testcases.loginFb" time="57.219" errors="0" timestamp="2022-08-29T18:34:38 IST" skipped="0">
  <testcase classname="org.automation.test.testcases.loginFb" name="loginToFb" time="23.597"/>
  <system-out/>
  <testcase classname="org.automation.test.testcases.loginFb" name="loginToFb" time="33.622"/>
  <system-out/>
</testsuite> <!-- org.automation.test.testcases.loginFb -->
