<?xml version="1.0" encoding="UTF-8"?>
<!-- Generated by org.testng.reporters.JUnitReportReporter -->
<testsuite hostname="DAYZGAYU" failures="0" tests="2" name="org.automation.test.utility.reportUtility" time="0.010" errors="0" timestamp="2022-08-29T19:46:31 IST" skipped="0">
  <testcase classname="org.automation.test.utility.reportUtility" name="v4" time="0.000"/>
  <system-out/>
  <testcase classname="org.automation.test.utility.reportUtility" name="v1" time="0.010"/>
  <system-out/>
</testsuite> <!-- org.automation.test.utility.reportUtility -->
