<?xml version="1.0" encoding="UTF-8"?>
<!-- Generated by org.testng.reporters.JUnitReportReporter -->
<testsuite hostname="DAYZGAYU" failures="0" tests="1" name="org.automation.test.testcases.loginFb" time="0.000" errors="0" timestamp="2022-09-01T15:24:56 IST" skipped="1">
  <testcase classname="org.automation.test.testcases.loginFb" name="loginToFb" time="0.000">
    <skipped/>
  </testcase> <!-- loginToFb -->
  <system-out/>
</testsuite> <!-- org.automation.test.testcases.loginFb -->
